<?xml version="1.0" encoding="UTF-8"?>
<testsuite xmlns:xsi="http://www.w3.org/2001/XMLSchema-instance" xsi:noNamespaceSchemaLocation="https://maven.apache.org/surefire/maven-surefire-plugin/xsd/surefire-test-report-3.0.xsd" version="3.0" name="FluxTest" time="6.24" tests="4" errors="0" skipped="0" failures="0">
  <properties>
    <property name="java.specification.version" value="21"/>
    <property name="sun.cpu.isalist" value="amd64"/>
    <property name="sun.jnu.encoding" value="GBK"/>
    <property name="java.class.path" value="e:\workspace\java-test\newyear\target\test-classes;e:\workspace\java-test\newyear\target\classes;C:\Users\dongn\.m2\repository\org\reactivestreams\reactive-streams\1.0.3-RC1\reactive-streams-1.0.3-RC1.jar;C:\Users\dongn\.m2\repository\io\projectreactor\reactor-core\3.5.10\reactor-core-3.5.10.jar;C:\Users\dongn\.m2\repository\io\projectreactor\reactor-test\3.5.10\reactor-test-3.5.10.jar;C:\Users\dongn\.m2\repository\org\junit\jupiter\junit-jupiter-api\5.10.0\junit-jupiter-api-5.10.0.jar;C:\Users\dongn\.m2\repository\org\opentest4j\opentest4j\1.3.0\opentest4j-1.3.0.jar;C:\Users\dongn\.m2\repository\org\junit\platform\junit-platform-commons\1.10.0\junit-platform-commons-1.10.0.jar;C:\Users\dongn\.m2\repository\org\apiguardian\apiguardian-api\1.1.2\apiguardian-api-1.1.2.jar;C:\Users\dongn\.m2\repository\org\junit\jupiter\junit-jupiter-engine\5.10.0\junit-jupiter-engine-5.10.0.jar;C:\Users\dongn\.m2\repository\org\junit\platform\junit-platform-engine\1.10.0\junit-platform-engine-1.10.0.jar;C:\Users\dongn\.m2\repository\org\junit\jupiter\junit-jupiter-params\5.10.0\junit-jupiter-params-5.10.0.jar;"/>
    <property name="java.vm.vendor" value="Eclipse Adoptium"/>
    <property name="sun.arch.data.model" value="64"/>
    <property name="user.variant" value=""/>
    <property name="java.vendor.url" value="https://adoptium.net/"/>
    <property name="user.timezone" value="Europe/Paris"/>
    <property name="os.name" value="Windows 10"/>
    <property name="java.vm.specification.version" value="21"/>
    <property name="sun.java.launcher" value="SUN_STANDARD"/>
    <property name="user.country" value="CN"/>
    <property name="sun.boot.library.path" value="C:\Program Files\Java\jdk-21\bin"/>
    <property name="sun.java.command" value="C:\Users\dongn\AppData\Local\Temp\surefire972645691224690339\surefirebooter-20250128145415534_3.jar C:\Users\dongn\AppData\Local\Temp\surefire972645691224690339 2025-01-28T14-54-13_858-jvmRun1 surefire-20250128145415534_1tmp surefire_0-20250128145415534_2tmp"/>
    <property name="jdk.debug" value="release"/>
    <property name="surefire.test.class.path" value="e:\workspace\java-test\newyear\target\test-classes;e:\workspace\java-test\newyear\target\classes;C:\Users\dongn\.m2\repository\org\reactivestreams\reactive-streams\1.0.3-RC1\reactive-streams-1.0.3-RC1.jar;C:\Users\dongn\.m2\repository\io\projectreactor\reactor-core\3.5.10\reactor-core-3.5.10.jar;C:\Users\dongn\.m2\repository\io\projectreactor\reactor-test\3.5.10\reactor-test-3.5.10.jar;C:\Users\dongn\.m2\repository\org\junit\jupiter\junit-jupiter-api\5.10.0\junit-jupiter-api-5.10.0.jar;C:\Users\dongn\.m2\repository\org\opentest4j\opentest4j\1.3.0\opentest4j-1.3.0.jar;C:\Users\dongn\.m2\repository\org\junit\platform\junit-platform-commons\1.10.0\junit-platform-commons-1.10.0.jar;C:\Users\dongn\.m2\repository\org\apiguardian\apiguardian-api\1.1.2\apiguardian-api-1.1.2.jar;C:\Users\dongn\.m2\repository\org\junit\jupiter\junit-jupiter-engine\5.10.0\junit-jupiter-engine-5.10.0.jar;C:\Users\dongn\.m2\repository\org\junit\platform\junit-platform-engine\1.10.0\junit-platform-engine-1.10.0.jar;C:\Users\dongn\.m2\repository\org\junit\jupiter\junit-jupiter-params\5.10.0\junit-jupiter-params-5.10.0.jar;"/>
    <property name="sun.cpu.endian" value="little"/>
    <property name="user.home" value="C:\Users\dongn"/>
    <property name="user.language" value="zh"/>
    <property name="java.specification.vendor" value="Oracle Corporation"/>
    <property name="java.version.date" value="2025-01-21"/>
    <property name="java.home" value="C:\Program Files\Java\jdk-21"/>
    <property name="file.separator" value="\"/>
    <property name="basedir" value="e:\workspace\java-test\newyear"/>
    <property name="java.vm.compressedOopsMode" value="Zero based"/>
    <property name="line.separator" value="&#10;"/>
    <property name="java.vm.specification.vendor" value="Oracle Corporation"/>
    <property name="java.specification.name" value="Java Platform API Specification"/>
    <property name="surefire.real.class.path" value="C:\Users\dongn\AppData\Local\Temp\surefire972645691224690339\surefirebooter-20250128145415534_3.jar"/>
    <property name="user.script" value=""/>
    <property name="sun.management.compiler" value="HotSpot 64-Bit Tiered Compilers"/>
    <property name="java.runtime.version" value="21.0.6+7-LTS"/>
    <property name="user.name" value="dongn"/>
    <property name="stdout.encoding" value="GBK"/>
    <property name="path.separator" value=";"/>
    <property name="os.version" value="10.0"/>
    <property name="java.runtime.name" value="OpenJDK Runtime Environment"/>
    <property name="file.encoding" value="UTF-8"/>
    <property name="java.vm.name" value="OpenJDK 64-Bit Server VM"/>
    <property name="java.vendor.version" value="Temurin-21.0.6+7"/>
    <property name="localRepository" value="C:\Users\dongn\.m2\repository"/>
    <property name="java.vendor.url.bug" value="https://github.com/adoptium/adoptium-support/issues"/>
    <property name="java.io.tmpdir" value="C:\Users\dongn\AppData\Local\Temp\"/>
    <property name="java.version" value="21.0.6"/>
    <property name="user.dir" value="e:\workspace\java-test\newyear"/>
    <property name="os.arch" value="amd64"/>
    <property name="java.vm.specification.name" value="Java Virtual Machine Specification"/>
    <property name="sun.os.patch.level" value=""/>
    <property name="native.encoding" value="GBK"/>
    <property name="java.library.path" value="C:\Program Files\Java\jdk-21\bin;C:\WINDOWS\Sun\Java\bin;C:\WINDOWS\system32;C:\WINDOWS;C:\Program Files\Java\jdk-21\bin;C:\Program Files (x86)\Common Files\NetSarang;C:\Program Files (x86)\Common Files\Oracle\Java\javapath;C:\WINDOWS\system32;C:\WINDOWS;C:\WINDOWS\System32\Wbem;C:\WINDOWS\System32\WindowsPowerShell\v1.0\;C:\Program Files (x86)\ATI Technologies\ATI.ACE\Core-Static;C:\Program Files\nodejs\;C:\Program Files\Microsoft VS Code\bin;C:\Program Files (x86)\scala\bin;C:\Program Files\Git\cmd;E:\spark-2.3.1-bin-hadoop2.7\bin;E:\GO\bin;C:\WINDOWS\System32\OpenSSH\;E:\vagrant\bin;C:\ProgramData\chocolatey\bin;;c:\Users\dongn\AppData\Local\Programs\cursor\resources\app\bin;C:\Users\dongn\AppData\Local\Microsoft\WindowsApps;;."/>
    <property name="java.vm.info" value="mixed mode, sharing"/>
    <property name="stderr.encoding" value="GBK"/>
    <property name="java.vendor" value="Eclipse Adoptium"/>
    <property name="java.vm.version" value="21.0.6+7-LTS"/>
    <property name="sun.io.unicode.encoding" value="UnicodeLittle"/>
    <property name="java.class.version" value="65.0"/>
  </properties>
  <testcase name="test" classname="FluxTest" time="1.168">
    <system-out><![CDATA[Map on thread: Thread-1
Map on thread: Thread-1
Map on thread: Thread-1
Map on thread: Thread-1
Map on thread: Thread-1
Map on thread: Thread-1
Map on thread: Thread-1
Map on thread: Thread-1
Map on thread: Thread-1
Map on thread: Thread-1
Map on thread: Thread-1
Map on thread: Thread-1
Map on thread: Thread-1
Map on thread: Thread-1
Map on thread: Thread-1
Map on thread: Thread-1
Map on thread: Thread-1
Map on thread: Thread-1
Map on thread: Thread-1
Map on thread: Thread-1
2: Subscribe on thread: parallel-1
4: Subscribe on thread: parallel-1
6: Subscribe on thread: parallel-1
8: Subscribe on thread: parallel-1
10: Subscribe on thread: parallel-1
12: Subscribe on thread: parallel-1
14: Subscribe on thread: parallel-1
16: Subscribe on thread: parallel-1
18: Subscribe on thread: parallel-1
20: Subscribe on thread: parallel-1
22: Subscribe on thread: parallel-1
24: Subscribe on thread: parallel-1
26: Subscribe on thread: parallel-1
28: Subscribe on thread: parallel-1
30: Subscribe on thread: parallel-1
32: Subscribe on thread: parallel-1
34: Subscribe on thread: parallel-1
36: Subscribe on thread: parallel-1
38: Subscribe on thread: parallel-1
40: Subscribe on thread: parallel-1
]]></system-out>
  </testcase>
  <testcase name="testPublishOn2" classname="FluxTest" time="1.005">
    <system-out><![CDATA[1st map on thread: Thread-2
1st map on thread: Thread-2
1st map on thread: Thread-2
1st map on thread: Thread-3
1st map on thread: Thread-3
1st map on thread: Thread-3
2nd map on thread: parallel-2
2nd map on thread: parallel-3
4thread 1 Subscribe to thread: parallel-2
2nd map on thread: parallel-2
8thread 1 Subscribe to thread: parallel-2
4Thread 2 Subscribe to thread: parallel-3
2nd map on thread: parallel-2
2nd map on thread: parallel-3
12thread 1 Subscribe to thread: parallel-2
8Thread 2 Subscribe to thread: parallel-3
2nd map on thread: parallel-3
12Thread 2 Subscribe to thread: parallel-3
]]></system-out>
  </testcase>
  <testcase name="testThread" classname="FluxTest" time="1.013">
    <system-out><![CDATA[adsf
Map on thread: Thread-4
2
Map on thread: Thread-4
4
Map on thread: Thread-4
6
Map on thread: Thread-4
8
Map on thread: Thread-4
10
Map on thread: Thread-4
12
Map on thread: Thread-4
14
Map on thread: Thread-4
16
Map on thread: Thread-4
18
Map on thread: Thread-4
20
Map on thread: Thread-4
22
Map on thread: Thread-4
24
Map on thread: Thread-4
26
Map on thread: Thread-4
28
Map on thread: Thread-4
30
Map on thread: Thread-4
32
Map on thread: Thread-4
34
Map on thread: Thread-4
36
Map on thread: Thread-4
38
Map on thread: Thread-4
40
]]></system-out>
  </testcase>
  <testcase name="testPublishOn" classname="FluxTest" time="3.023">
    <system-out><![CDATA[Map on thread: main
Map on thread: main
Map on thread: main
2Subscribe to thread: parallel-4
4Subscribe to thread: parallel-4
6Subscribe to thread: parallel-4
-----------2222222-------------
Map on thread: main
Map on thread: main
Map on thread: main
2Subscribe on thread: parallel-1
4Subscribe on thread: parallel-1
6Subscribe on thread: parallel-1
-----------3333333-------------
1st map on thread: Thread-5
1st map on thread: Thread-5
1st map on thread: Thread-5
2nd map on thread: parallel-2
4Subscribe to thread: parallel-2
2nd map on thread: parallel-2
8Subscribe to thread: parallel-2
2nd map on thread: parallel-2
12Subscribe to thread: parallel-2
]]></system-out>
  </testcase>
</testsuite>